<?xml version="1.0" encoding="UTF-8"?>
<!-- Generated by org.testng.reporters.JUnitReportReporter -->
<testsuite hostname="LAPTOP-TBFR03AS" failures="0" tests="1" name="Tests.FirstTest" time="351.824" errors="0" timestamp="16 Sep 2022 06:32:19 GMT">
  <testcase classname="Tests.FirstTest" name="Scenario1Test" time="351.824"/>
</testsuite> <!-- Tests.FirstTest -->
